mobile/build/outputs/logs/manifest-merger-debug-report.txt
-- Merging decision tree log ---
manifest
ADDED from src/main/AndroidManifest.xml:2:1-30:12
	xmlns:android
		ADDED from src/main/AndroidManifest.xml:3:11-69
	package
		ADDED from src/main/AndroidManifest.xml:2:11-46
		INJECTED from src/main/AndroidManifest.xml
		ADDED from src/main/AndroidManifest.xml:2:11-46
		INJECTED from src/debug/AndroidManifest.xml
	android:versionName
		INJECTED from src/main/AndroidManifest.xml
		ADDED from src/main/AndroidManifest.xml:2:1-30:12
		INJECTED from src/debug/AndroidManifest.xml
uses-permission#android.permission.ACCESS_NETWORK_STATE
ADDED from src/main/AndroidManifest.xml:5:5-78
	android:name
		ADDED from src/main/AndroidManifest.xml:5:22-76
uses-permission#android.permission.INTERNET
ADDED from src/main/AndroidManifest.xml:6:5-66
	android:name
		ADDED from src/main/AndroidManifest.xml:6:22-64
application
ADDED from src/main/AndroidManifest.xml:8:5-28:19
MERGED from src/main/AndroidManifest.xml:8:5-28:19
MERGED from [com.android.support:appcompat-v7:23.1.1] AndroidManifest.xml:22:5-20
MERGED from [com.android.support:support-v4:23.1.1] AndroidManifest.xml:22:5-20
MERGED from [com.android.support:design:23.0.1] AndroidManifest.xml:22:5-20
MERGED from [com.android.support:support-v4:23.1.1] AndroidManifest.xml:22:5-20
MERGED from [com.android.support:appcompat-v7:23.1.1] AndroidManifest.xml:22:5-20
MERGED from [com.android.support:support-v4:23.1.1] AndroidManifest.xml:22:5-20
MERGED from [com.android.support:support-v4:23.1.1] AndroidManifest.xml:22:5-20
MERGED from [kw-copper-card-android:common:unspecified] AndroidManifest.xml:11:5-15:19
MERGED from [com.android.support:appcompat-v7:23.1.1] AndroidManifest.xml:22:5-20
MERGED from [com.android.support:support-v4:23.1.1] AndroidManifest.xml:22:5-20
MERGED from [com.android.support:support-v4:23.1.1] AndroidManifest.xml:22:5-20
	android:supportsRtl
		ADDED from [kw-copper-card-android:common:unspecified] AndroidManifest.xml:14:9-35
	android:label
		ADDED from src/main/AndroidManifest.xml:12:9-41
		ADDED from src/main/AndroidManifest.xml:12:9-41
	android:allowBackup
		ADDED from src/main/AndroidManifest.xml:10:9-35
		ADDED from src/main/AndroidManifest.xml:10:9-35
	android:icon
		ADDED from src/main/AndroidManifest.xml:11:9-43
		ADDED from src/main/AndroidManifest.xml:11:9-43
	android:theme
		ADDED from src/main/AndroidManifest.xml:13:9-40
		ADDED from src/main/AndroidManifest.xml:13:9-40
	android:name
		ADDED from src/main/AndroidManifest.xml:9:9-45
		ADDED from src/main/AndroidManifest.xml:9:9-45
activity#com.kupferwerk.coppercard.LoginActivity
ADDED from src/main/AndroidManifest.xml:14:9-22:20
	android:title
		ADDED from src/main/AndroidManifest.xml:16:13-64
	android:name
		ADDED from src/main/AndroidManifest.xml:15:13-42
intent-filter#android.intent.action.MAIN+android.intent.category.LAUNCHER
ADDED from src/main/AndroidManifest.xml:17:13-21:29
action#android.intent.action.MAIN
ADDED from src/main/AndroidManifest.xml:18:17-68
	android:name
		ADDED from src/main/AndroidManifest.xml:18:25-66
category#android.intent.category.LAUNCHER
ADDED from src/main/AndroidManifest.xml:20:17-76
	android:name
		ADDED from src/main/AndroidManifest.xml:20:27-74
activity#com.kupferwerk.coppercard.session.SessionActivity
ADDED from src/main/AndroidManifest.xml:23:9-27:20
	android:label
		ADDED from src/main/AndroidManifest.xml:25:13-59
	android:theme
		ADDED from src/main/AndroidManifest.xml:26:13-44
	android:name
		ADDED from src/main/AndroidManifest.xml:24:13-52
uses-sdk
INJECTED from src/main/AndroidManifest.xml reason: use-sdk injection requested
MERGED from [com.android.support:appcompat-v7:23.1.1] AndroidManifest.xml:20:5-43
MERGED from [com.android.support:support-v4:23.1.1] AndroidManifest.xml:20:5-43
MERGED from [com.android.support:design:23.0.1] AndroidManifest.xml:20:5-43
MERGED from [com.android.support:support-v4:23.1.1] AndroidManifest.xml:20:5-43
MERGED from [com.android.support:appcompat-v7:23.1.1] AndroidManifest.xml:20:5-43
MERGED from [com.android.support:support-v4:23.1.1] AndroidManifest.xml:20:5-43
MERGED from [io.reactivex:rxandroid:1.0.1] AndroidManifest.xml:19:5-43
MERGED from [com.android.support:recyclerview-v7:23.1.1] AndroidManifest.xml:20:5-43
MERGED from [com.android.support:support-v4:23.1.1] AndroidManifest.xml:20:5-43
MERGED from [kw-copper-card-android:common:unspecified] AndroidManifest.xml:7:5-9:41
MERGED from [com.android.support:appcompat-v7:23.1.1] AndroidManifest.xml:20:5-43
MERGED from [com.android.support:support-v4:23.1.1] AndroidManifest.xml:20:5-43
MERGED from [com.android.support:recyclerview-v7:23.1.1] AndroidManifest.xml:20:5-43
MERGED from [com.android.support:support-v4:23.1.1] AndroidManifest.xml:20:5-43
	android:targetSdkVersion
		INJECTED from src/main/AndroidManifest.xml
		INJECTED from src/debug/AndroidManifest.xml
	android:minSdkVersion
		INJECTED from src/main/AndroidManifest.xml
		INJECTED from src/debug/AndroidManifest.xml